2020-05-04 16:51:45.767  INFO 2480 --- [main] lavalink.server.Launcher                 : 

[32m       .  [31m _                  _ _       _    [32m__ _ _
[32m      /\\ [31m| | __ ___   ____ _| (_)_ __ | | __[32m\ \ \ \
[32m     ( ( )[31m| |/ _` \ \ / / _` | | | '_ \| |/ /[32m \ \ \ \
[32m      \\/ [31m| | (_| |\ V / (_| | | | | | |   < [32m  ) ) ) )
[32m       '  [31m|_|\__,_| \_/ \__,_|_|_|_| |_|_|\_\[32m / / / /
[0m    =========================================[32m/_/_/_/[0m

	Version:        3.3.1
	Build:          997
	Build time:     25.03.2020 12:30:43 UTC
	Branch          master
	Commit:         29f68ba
	Commit time:    25.03.2020 12:28:48 UTC
	JVM:            11
	Lavaplayer      1.3.38

2020-05-04 16:51:45.931  INFO 2480 --- [main] lavalink.server.Launcher                 : Starting Launcher on Marcello-PC with PID 2480 (C:\Users\Marcello\Desktop\The Crow Bot (Debug)\Lavalink.jar started by Marcello in C:\Users\Marcello\Desktop\The Crow Bot (Debug))
2020-05-04 16:51:45.932  INFO 2480 --- [main] lavalink.server.Launcher                 : No active profile set, falling back to default profiles: default
2020-05-04 16:51:46.152  WARN 2480 --- [background-preinit] o.s.h.c.j.Jackson2ObjectMapperBuilder    : For Jackson Kotlin classes support please add "com.fasterxml.jackson.module:jackson-module-kotlin" to the classpath
2020-05-04 16:51:48.540  WARN 2480 --- [main] io.undertow.websockets.jsr               : UT026010: Buffer pool was not set on WebSocketDeploymentInfo, the default pool will be used
2020-05-04 16:51:48.594  INFO 2480 --- [main] io.undertow.servlet                      : Initializing Spring embedded WebApplicationContext
2020-05-04 16:51:48.595  INFO 2480 --- [main] o.s.web.context.ContextLoader            : Root WebApplicationContext: initialization completed in 2572 ms
2020-05-04 16:51:49.118  WARN 2480 --- [main] l.server.config.SentryConfiguration      : Turning off sentry
2020-05-04 16:51:49.135  INFO 2480 --- [main] l.s.c.AudioSendFactoryConfiguration      : OS: Windows 7, Arch: amd64
2020-05-04 16:51:49.136  INFO 2480 --- [main] l.s.c.AudioSendFactoryConfiguration      : JDA-NAS supported system detected. Enabled native audio sending.
2020-05-04 16:51:49.136  INFO 2480 --- [main] l.s.c.AudioSendFactoryConfiguration      : Setting buffer to 400ms
2020-05-04 16:51:49.136  INFO 2480 --- [main] l.s.c.AudioSendFactoryConfiguration      : Setting playlist load limit to 6
2020-05-04 16:51:49.554  INFO 2480 --- [main] c.s.d.l.tools.GarbageCollectionMonitor   : GC monitoring enabled, reporting results every 2 minutes.
2020-05-04 16:51:50.153  INFO 2480 --- [main] o.s.s.concurrent.ThreadPoolTaskExecutor  : Initializing ExecutorService 'applicationTaskExecutor'
2020-05-04 16:51:50.707  INFO 2480 --- [main] org.xnio                                 : XNIO version 3.3.8.Final
2020-05-04 16:51:50.724  INFO 2480 --- [main] org.xnio.nio                             : XNIO NIO Implementation Version 3.3.8.Final
2020-05-04 16:51:50.831  INFO 2480 --- [main] o.s.b.w.e.u.UndertowServletWebServer     : Undertow started on port(s) 5664 (http) with context path ''
2020-05-04 16:51:50.839  INFO 2480 --- [main] lavalink.server.Launcher                 : Started Launcher in 6.136 seconds (JVM running for 6.921)
2020-05-04 16:53:09.455  INFO 2480 --- [Thread-1] o.s.s.concurrent.ThreadPoolTaskExecutor  : Shutting down ExecutorService 'applicationTaskExecutor'
2020-05-04 16:53:09.459  INFO 2480 --- [Thread-1] c.s.d.l.tools.GarbageCollectionMonitor   : GC monitoring disabled.
